<?xml version="1.0" encoding="UTF-8"?>
<testng-results ignored="0" total="3" passed="3" failed="0" skipped="0">
  <reporter-output>
  </reporter-output>
  <suite started-at="2023-01-11T17:40:07 IST" name="Suite" finished-at="2023-01-11T17:40:36 IST" duration-ms="28666">
    <groups>
    </groups>
    <test started-at="2023-01-11T17:40:07 IST" name="Find New Car Test" finished-at="2023-01-11T17:40:19 IST" duration-ms="11184">
      <class name="testCases.FindNewCarTest">
        <test-method signature="findNewCarsTest(java.lang.String,java.lang.String,java.lang.String)[pri:0, instance:testCases.FindNewCarTest@4566d049]" started-at="2023-01-11T17:40:08 IST" name="findNewCarsTest" data-provider="dp2" finished-at="2023-01-11T17:40:18 IST" duration-ms="10076" status="PASS">
          <params>
            <param index="0">
              <value>
                <![CDATA[firefox]]>
              </value>
            </param>
            <param index="1">
              <value>
                <![CDATA[Toyota]]>
              </value>
            </param>
            <param index="2">
              <value>
                <![CDATA[Toyota Cars]]>
              </value>
            </param>
          </params>
          <reporter-output>
          </reporter-output>
        </test-method> <!-- findNewCarsTest -->
        <test-method is-config="true" signature="tearDown()[pri:0, instance:testCases.FindNewCarTest@4566d049]" started-at="2023-01-11T17:40:18 IST" name="tearDown" finished-at="2023-01-11T17:40:19 IST" duration-ms="1011" status="PASS">
          <reporter-output>
          </reporter-output>
        </test-method> <!-- tearDown -->
      </class> <!-- testCases.FindNewCarTest -->
    </test> <!-- Find New Car Test -->
    <test started-at="2023-01-11T17:40:19 IST" name="Car Name and Price" finished-at="2023-01-11T17:40:36 IST" duration-ms="17175">
      <class name="testCases.CarNameAndPriceTest">
        <test-method signature="carNameAndPriceTest(java.lang.String,java.lang.String,java.lang.String)[pri:0, instance:testCases.CarNameAndPriceTest@2374d36a]" started-at="2023-01-11T17:40:19 IST" name="carNameAndPriceTest" data-provider="dp2" finished-at="2023-01-11T17:40:26 IST" duration-ms="7144" status="PASS">
          <params>
            <param index="0">
              <value>
                <![CDATA[firefox]]>
              </value>
            </param>
            <param index="1">
              <value>
                <![CDATA[Toyota]]>
              </value>
            </param>
            <param index="2">
              <value>
                <![CDATA[Toyota Cars]]>
              </value>
            </param>
          </params>
          <reporter-output>
          </reporter-output>
        </test-method> <!-- carNameAndPriceTest -->
        <test-method is-config="true" signature="tearDown()[pri:0, instance:testCases.CarNameAndPriceTest@2374d36a]" started-at="2023-01-11T17:40:26 IST" name="tearDown" finished-at="2023-01-11T17:40:27 IST" duration-ms="985" status="PASS">
          <reporter-output>
          </reporter-output>
        </test-method> <!-- tearDown -->
      </class> <!-- testCases.CarNameAndPriceTest -->
      <class name="testCases.ExplorePageTest">
        <test-method signature="explorePageTest()[pri:0, instance:testCases.ExplorePageTest@5286c33a]" started-at="2023-01-11T17:40:27 IST" name="explorePageTest" finished-at="2023-01-11T17:40:35 IST" duration-ms="8357" status="PASS">
          <reporter-output>
          </reporter-output>
        </test-method> <!-- explorePageTest -->
        <test-method is-config="true" signature="tearDown()[pri:0, instance:testCases.ExplorePageTest@5286c33a]" started-at="2023-01-11T17:40:35 IST" name="tearDown" finished-at="2023-01-11T17:40:36 IST" duration-ms="661" status="PASS">
          <reporter-output>
          </reporter-output>
        </test-method> <!-- tearDown -->
      </class> <!-- testCases.ExplorePageTest -->
    </test> <!-- Car Name and Price -->
  </suite> <!-- Suite -->
</testng-results>
